This file contains any messages produced by compilers while
running configure, to aid debugging if configure makes a mistake.

It was created by libsecp256k1 configure 0.1, which was
generated by GNU Autoconf 2.71.  Invocation command line was

  $ ./configure --no-create --no-recursion

## --------- ##
## Platform. ##
## --------- ##

hostname = jayamine-ThinkPad-X1-Carbon-Gen-10
uname -m = x86_64
uname -r = 6.8.0-45-generic
uname -s = Linux
uname -v = #45~22.04.1-Ubuntu SMP PREEMPT_DYNAMIC Wed Sep 11 15:25:05 UTC 2

/usr/bin/uname -p = x86_64
/bin/uname -X     = unknown

/bin/arch              = x86_64
/usr/bin/arch -k       = unknown
/usr/convex/getsysinfo = unknown
/usr/bin/hostinfo      = unknown
/bin/machine           = unknown
/usr/bin/oslevel       = unknown
/bin/universe          = unknown

PATH: /home/jayamine/.cargo/bin/
PATH: /home/jayamine/.local/bin/
PATH: /usr/local/sbin/
PATH: /usr/local/bin/
PATH: /usr/sbin/
PATH: /usr/bin/
PATH: /sbin/
PATH: /bin/
PATH: /usr/games/
PATH: /usr/local/games/
PATH: /snap/bin/
PATH: /snap/bin/


## ----------- ##
## Core tests. ##
## ----------- ##

configure:2636: looking for aux files: compile ltmain.sh missing install-sh config.guess config.sub
configure:2649:  trying ./build-aux/
configure:2678:   ./build-aux/compile found
configure:2678:   ./build-aux/ltmain.sh found
configure:2678:   ./build-aux/missing found
configure:2660:   ./build-aux/install-sh found
configure:2678:   ./build-aux/config.guess found
configure:2678:   ./build-aux/config.sub found
configure:2798: checking build system type
configure:2813: result: x86_64-pc-linux-gnu
configure:2833: checking host system type
configure:2847: result: x86_64-pc-linux-gnu
configure:2887: checking for a BSD-compatible install
configure:2960: result: /usr/bin/install -c
configure:2971: checking whether build environment is sane
configure:3026: result: yes
configure:3185: checking for a race-free mkdir -p
configure:3229: result: /usr/bin/mkdir -p
configure:3236: checking for gawk
configure:3271: result: no
configure:3236: checking for mawk
configure:3257: found /usr/bin/mawk
configure:3268: result: mawk
configure:3279: checking whether make sets $(MAKE)
configure:3302: result: yes
configure:3332: checking whether make supports nested variables
configure:3350: result: yes
configure:3533: checking how to print strings
configure:3560: result: printf
configure:3594: checking whether make supports the include directive
configure:3609: make -f confmf.GNU && cat confinc.out
make[1]: Entering directory '/home/jayamine/CLionProjects/secp256k-nopeni'
make[1]: Leaving directory '/home/jayamine/CLionProjects/secp256k-nopeni'
this is the am__doit target
configure:3612: $? = 0
configure:3631: result: yes (GNU style)
configure:3707: checking for gcc
configure:3728: found /usr/bin/gcc
configure:3739: result: gcc
configure:4092: checking for C compiler version
configure:4101: gcc --version >&5
gcc (Ubuntu 11.4.0-1ubuntu1~22.04) 11.4.0
Copyright (C) 2021 Free Software Foundation, Inc.
This is free software; see the source for copying conditions.  There is NO
warranty; not even for MERCHANTABILITY or FITNESS FOR A PARTICULAR PURPOSE.

configure:4112: $? = 0
configure:4101: gcc -v >&5
Using built-in specs.
COLLECT_GCC=gcc
COLLECT_LTO_WRAPPER=/usr/lib/gcc/x86_64-linux-gnu/11/lto-wrapper
OFFLOAD_TARGET_NAMES=nvptx-none:amdgcn-amdhsa
OFFLOAD_TARGET_DEFAULT=1
Target: x86_64-linux-gnu
Configured with: ../src/configure -v --with-pkgversion='Ubuntu 11.4.0-1ubuntu1~22.04' --with-bugurl=file:///usr/share/doc/gcc-11/README.Bugs --enable-languages=c,ada,c++,go,brig,d,fortran,objc,obj-c++,m2 --prefix=/usr --with-gcc-major-version-only --program-suffix=-11 --program-prefix=x86_64-linux-gnu- --enable-shared --enable-linker-build-id --libexecdir=/usr/lib --without-included-gettext --enable-threads=posix --libdir=/usr/lib --enable-nls --enable-bootstrap --enable-clocale=gnu --enable-libstdcxx-debug --enable-libstdcxx-time=yes --with-default-libstdcxx-abi=new --enable-gnu-unique-object --disable-vtable-verify --enable-plugin --enable-default-pie --with-system-zlib --enable-libphobos-checking=release --with-target-system-zlib=auto --enable-objc-gc=auto --enable-multiarch --disable-werror --enable-cet --with-arch-32=i686 --with-abi=m64 --with-multilib-list=m32,m64,mx32 --enable-multilib --with-tune=generic --enable-offload-targets=nvptx-none=/build/gcc-11-XeT9lY/gcc-11-11.4.0/debian/tmp-nvptx/usr,amdgcn-amdhsa=/build/gcc-11-XeT9lY/gcc-11-11.4.0/debian/tmp-gcn/usr --without-cuda-driver --enable-checking=release --build=x86_64-linux-gnu --host=x86_64-linux-gnu --target=x86_64-linux-gnu --with-build-config=bootstrap-lto-lean --enable-link-serialization=2
Thread model: posix
Supported LTO compression algorithms: zlib zstd
gcc version 11.4.0 (Ubuntu 11.4.0-1ubuntu1~22.04) 
... rest of stderr output deleted ...
configure:4112: $? = 0
configure:4101: gcc -V >&5
gcc: error: unrecognized command-line option '-V'
gcc: fatal error: no input files
compilation terminated.
configure:4112: $? = 1
configure:4101: gcc -qversion >&5
gcc: error: unrecognized command-line option '-qversion'; did you mean '--version'?
gcc: fatal error: no input files
compilation terminated.
configure:4112: $? = 1
configure:4101: gcc -version >&5
gcc: error: unrecognized command-line option '-version'
gcc: fatal error: no input files
compilation terminated.
configure:4112: $? = 1
configure:4132: checking whether the C compiler works
configure:4154: gcc    conftest.c  >&5
configure:4158: $? = 0
configure:4208: result: yes
configure:4211: checking for C compiler default output file name
configure:4213: result: a.out
configure:4219: checking for suffix of executables
configure:4226: gcc -o conftest    conftest.c  >&5
configure:4230: $? = 0
configure:4253: result: 
configure:4275: checking whether we are cross compiling
configure:4283: gcc -o conftest    conftest.c  >&5
configure:4287: $? = 0
configure:4294: ./conftest
configure:4298: $? = 0
configure:4313: result: no
configure:4318: checking for suffix of object files
configure:4341: gcc -c   conftest.c >&5
configure:4345: $? = 0
configure:4367: result: o
configure:4371: checking whether the compiler supports GNU C
configure:4391: gcc -c   conftest.c >&5
configure:4391: $? = 0
configure:4401: result: yes
configure:4412: checking whether gcc accepts -g
configure:4433: gcc -c -g  conftest.c >&5
configure:4433: $? = 0
configure:4477: result: yes
configure:4497: checking for gcc option to enable C11 features
configure:4512: gcc  -c -g -O2  conftest.c >&5
configure:4512: $? = 0
configure:4530: result: none needed
configure:4646: checking whether gcc understands -c and -o together
configure:4669: gcc -c conftest.c -o conftest2.o
configure:4672: $? = 0
configure:4669: gcc -c conftest.c -o conftest2.o
configure:4672: $? = 0
configure:4684: result: yes
configure:4703: checking dependency style of gcc
configure:4815: result: gcc3
configure:4830: checking for a sed that does not truncate output
configure:4900: result: /usr/bin/sed
configure:4918: checking for grep that handles long lines and -e
configure:4982: result: /usr/bin/grep
configure:4987: checking for egrep
configure:5055: result: /usr/bin/grep -E
configure:5060: checking for fgrep
configure:5128: result: /usr/bin/grep -F
configure:5164: checking for ld used by gcc
configure:5232: result: /usr/bin/ld
configure:5239: checking if the linker (/usr/bin/ld) is GNU ld
configure:5255: result: yes
configure:5267: checking for BSD- or MS-compatible name lister (nm)
configure:5322: result: /usr/bin/nm -B
configure:5462: checking the name lister (/usr/bin/nm -B) interface
configure:5470: gcc -c -g -O2  conftest.c >&5
configure:5473: /usr/bin/nm -B "conftest.o"
configure:5476: output
0000000000000000 B some_variable
configure:5483: result: BSD nm
configure:5486: checking whether ln -s works
configure:5490: result: yes
configure:5498: checking the maximum length of command line arguments
configure:5630: result: 1572864
configure:5678: checking how to convert x86_64-pc-linux-gnu file names to x86_64-pc-linux-gnu format
configure:5719: result: func_convert_file_noop
configure:5726: checking how to convert x86_64-pc-linux-gnu file names to toolchain format
configure:5747: result: func_convert_file_noop
configure:5754: checking for /usr/bin/ld option to reload object files
configure:5762: result: -r
configure:5841: checking for objdump
configure:5862: found /usr/bin/objdump
configure:5873: result: objdump
configure:5905: checking how to recognize dependent libraries
configure:6106: result: pass_all
configure:6196: checking for dlltool
configure:6231: result: no
configure:6261: checking how to associate runtime and link libraries
configure:6289: result: printf %s\n
configure:6355: checking for ar
configure:6376: found /usr/bin/ar
configure:6387: result: ar
configure:6424: checking for archiver @FILE support
configure:6442: gcc -c -g -O2  conftest.c >&5
configure:6442: $? = 0
configure:6446: ar cr libconftest.a @conftest.lst >&5
configure:6449: $? = 0
configure:6454: ar cr libconftest.a @conftest.lst >&5
ar: conftest.o: No such file or directory
configure:6457: $? = 1
configure:6469: result: @
configure:6532: checking for strip
configure:6553: found /usr/bin/strip
configure:6564: result: strip
configure:6641: checking for ranlib
configure:6662: found /usr/bin/ranlib
configure:6673: result: ranlib
configure:6775: checking command to parse /usr/bin/nm -B output from gcc object
configure:6929: gcc -c -g -O2  conftest.c >&5
configure:6932: $? = 0
configure:6936: /usr/bin/nm -B conftest.o | sed -n -e 's/^.*[	 ]\([ABCDGIRSTW][ABCDGIRSTW]*\)[	 ][	 ]*\([_A-Za-z][_A-Za-z0-9]*\)$/\1 \2 \2/p' | sed '/ __gnu_lto/d' > conftest.nm
configure:7002: gcc -o conftest -g -O2   conftest.c conftstm.o >&5
configure:7005: $? = 0
configure:7043: result: ok
configure:7090: checking for sysroot
configure:7121: result: no
configure:7128: checking for a working dd
configure:7172: result: /usr/bin/dd
configure:7176: checking how to truncate binary pipes
configure:7192: result: /usr/bin/dd bs=4096 count=1
configure:7329: gcc -c -g -O2  conftest.c >&5
configure:7332: $? = 0
configure:7529: checking for mt
configure:7550: found /usr/bin/mt
configure:7561: result: mt
configure:7584: checking if mt is a manifest tool
configure:7591: mt '-?'
configure:7599: result: no
configure:8329: checking for stdio.h
configure:8329: gcc -c -g -O2  conftest.c >&5
configure:8329: $? = 0
configure:8329: result: yes
configure:8329: checking for stdlib.h
configure:8329: gcc -c -g -O2  conftest.c >&5
configure:8329: $? = 0
configure:8329: result: yes
configure:8329: checking for string.h
configure:8329: gcc -c -g -O2  conftest.c >&5
configure:8329: $? = 0
configure:8329: result: yes
configure:8329: checking for inttypes.h
configure:8329: gcc -c -g -O2  conftest.c >&5
configure:8329: $? = 0
configure:8329: result: yes
configure:8329: checking for stdint.h
configure:8329: gcc -c -g -O2  conftest.c >&5
configure:8329: $? = 0
configure:8329: result: yes
configure:8329: checking for strings.h
configure:8329: gcc -c -g -O2  conftest.c >&5
configure:8329: $? = 0
configure:8329: result: yes
configure:8329: checking for sys/stat.h
configure:8329: gcc -c -g -O2  conftest.c >&5
configure:8329: $? = 0
configure:8329: result: yes
configure:8329: checking for sys/types.h
configure:8329: gcc -c -g -O2  conftest.c >&5
configure:8329: $? = 0
configure:8329: result: yes
configure:8329: checking for unistd.h
configure:8329: gcc -c -g -O2  conftest.c >&5
configure:8329: $? = 0
configure:8329: result: yes
configure:8354: checking for dlfcn.h
configure:8354: gcc -c -g -O2  conftest.c >&5
configure:8354: $? = 0
configure:8354: result: yes
configure:8613: checking for objdir
configure:8629: result: .libs
configure:8893: checking if gcc supports -fno-rtti -fno-exceptions
configure:8912: gcc -c -g -O2  -fno-rtti -fno-exceptions conftest.c >&5
cc1: warning: command-line option '-fno-rtti' is valid for C++/D/ObjC++ but not for C
configure:8916: $? = 0
configure:8929: result: no
configure:9293: checking for gcc option to produce PIC
configure:9301: result: -fPIC -DPIC
configure:9309: checking if gcc PIC flag -fPIC -DPIC works
configure:9328: gcc -c -g -O2  -fPIC -DPIC -DPIC conftest.c >&5
configure:9332: $? = 0
configure:9345: result: yes
configure:9374: checking if gcc static flag -static works
configure:9403: result: yes
configure:9418: checking if gcc supports -c -o file.o
configure:9440: gcc -c -g -O2  -o out/conftest2.o conftest.c >&5
configure:9444: $? = 0
configure:9466: result: yes
configure:9474: checking if gcc supports -c -o file.o
configure:9522: result: yes
configure:9555: checking whether the gcc linker (/usr/bin/ld -m elf_x86_64) supports shared libraries
configure:10825: result: yes
configure:10862: checking whether -lc should be explicitly linked in
configure:10871: gcc -c -g -O2  conftest.c >&5
configure:10874: $? = 0
configure:10889: gcc -shared  -fPIC -DPIC conftest.o  -v -Wl,-soname -Wl,conftest -o conftest 2\>\&1 \| /usr/bin/grep  -lc  \>/dev/null 2\>\&1
configure:10892: $? = 0
configure:10906: result: no
configure:11066: checking dynamic linker characteristics
configure:11648: gcc -o conftest -g -O2   -Wl,-rpath -Wl,/foo conftest.c  >&5
configure:11648: $? = 0
configure:11899: result: GNU/Linux ld.so
configure:12021: checking how to hardcode library paths into programs
configure:12046: result: immediate
configure:12598: checking whether stripping libraries is possible
configure:12603: result: yes
configure:12638: checking if libtool supports shared libraries
configure:12640: result: yes
configure:12643: checking whether to build shared libraries
configure:12668: result: yes
configure:12671: checking whether to build static libraries
configure:12675: result: yes
configure:12725: checking whether make supports nested variables
configure:12743: result: yes
configure:12814: checking for pkg-config
configure:12837: found /usr/bin/pkg-config
configure:12849: result: /usr/bin/pkg-config
configure:12874: checking pkg-config is at least version 0.9.0
configure:12877: result: yes
configure:12937: checking for ar
configure:12960: found /usr/bin/ar
configure:12972: result: /usr/bin/ar
configure:13045: checking for ranlib
configure:13068: found /usr/bin/ranlib
configure:13080: result: /usr/bin/ranlib
configure:13153: checking for strip
configure:13176: found /usr/bin/strip
configure:13188: result: /usr/bin/strip
configure:13215: checking how to run the C preprocessor
configure:13241: gcc -E  conftest.c
configure:13241: $? = 0
configure:13256: gcc -E  conftest.c
conftest.c:23:10: fatal error: ac_nonexistent.h: No such file or directory
   23 | #include <ac_nonexistent.h>
      |          ^~~~~~~~~~~~~~~~~~
compilation terminated.
configure:13256: $? = 1
configure: failed program was:
| /* confdefs.h */
| #define PACKAGE_NAME "libsecp256k1"
| #define PACKAGE_TARNAME "libsecp256k1"
| #define PACKAGE_VERSION "0.1"
| #define PACKAGE_STRING "libsecp256k1 0.1"
| #define PACKAGE_BUGREPORT ""
| #define PACKAGE_URL ""
| #define PACKAGE "libsecp256k1"
| #define VERSION "0.1"
| #define HAVE_STDIO_H 1
| #define HAVE_STDLIB_H 1
| #define HAVE_STRING_H 1
| #define HAVE_INTTYPES_H 1
| #define HAVE_STDINT_H 1
| #define HAVE_STRINGS_H 1
| #define HAVE_SYS_STAT_H 1
| #define HAVE_SYS_TYPES_H 1
| #define HAVE_UNISTD_H 1
| #define STDC_HEADERS 1
| #define HAVE_DLFCN_H 1
| #define LT_OBJDIR ".libs/"
| /* end confdefs.h.  */
| #include <ac_nonexistent.h>
configure:13283: result: gcc -E
configure:13297: gcc -E  conftest.c
configure:13297: $? = 0
configure:13312: gcc -E  conftest.c
conftest.c:23:10: fatal error: ac_nonexistent.h: No such file or directory
   23 | #include <ac_nonexistent.h>
      |          ^~~~~~~~~~~~~~~~~~
compilation terminated.
configure:13312: $? = 1
configure: failed program was:
| /* confdefs.h */
| #define PACKAGE_NAME "libsecp256k1"
| #define PACKAGE_TARNAME "libsecp256k1"
| #define PACKAGE_VERSION "0.1"
| #define PACKAGE_STRING "libsecp256k1 0.1"
| #define PACKAGE_BUGREPORT ""
| #define PACKAGE_URL ""
| #define PACKAGE "libsecp256k1"
| #define VERSION "0.1"
| #define HAVE_STDIO_H 1
| #define HAVE_STDLIB_H 1
| #define HAVE_STRING_H 1
| #define HAVE_INTTYPES_H 1
| #define HAVE_STDINT_H 1
| #define HAVE_STRINGS_H 1
| #define HAVE_SYS_STAT_H 1
| #define HAVE_SYS_TYPES_H 1
| #define HAVE_UNISTD_H 1
| #define STDC_HEADERS 1
| #define HAVE_DLFCN_H 1
| #define LT_OBJDIR ".libs/"
| /* end confdefs.h.  */
| #include <ac_nonexistent.h>
configure:13403: checking for gcc
configure:13424: found /usr/bin/gcc
configure:13435: result: gcc
configure:13788: checking for C compiler version
configure:13797: gcc --version >&5
gcc (Ubuntu 11.4.0-1ubuntu1~22.04) 11.4.0
Copyright (C) 2021 Free Software Foundation, Inc.
This is free software; see the source for copying conditions.  There is NO
warranty; not even for MERCHANTABILITY or FITNESS FOR A PARTICULAR PURPOSE.

configure:13808: $? = 0
configure:13797: gcc -v >&5
Using built-in specs.
COLLECT_GCC=gcc
COLLECT_LTO_WRAPPER=/usr/lib/gcc/x86_64-linux-gnu/11/lto-wrapper
OFFLOAD_TARGET_NAMES=nvptx-none:amdgcn-amdhsa
OFFLOAD_TARGET_DEFAULT=1
Target: x86_64-linux-gnu
Configured with: ../src/configure -v --with-pkgversion='Ubuntu 11.4.0-1ubuntu1~22.04' --with-bugurl=file:///usr/share/doc/gcc-11/README.Bugs --enable-languages=c,ada,c++,go,brig,d,fortran,objc,obj-c++,m2 --prefix=/usr --with-gcc-major-version-only --program-suffix=-11 --program-prefix=x86_64-linux-gnu- --enable-shared --enable-linker-build-id --libexecdir=/usr/lib --without-included-gettext --enable-threads=posix --libdir=/usr/lib --enable-nls --enable-bootstrap --enable-clocale=gnu --enable-libstdcxx-debug --enable-libstdcxx-time=yes --with-default-libstdcxx-abi=new --enable-gnu-unique-object --disable-vtable-verify --enable-plugin --enable-default-pie --with-system-zlib --enable-libphobos-checking=release --with-target-system-zlib=auto --enable-objc-gc=auto --enable-multiarch --disable-werror --enable-cet --with-arch-32=i686 --with-abi=m64 --with-multilib-list=m32,m64,mx32 --enable-multilib --with-tune=generic --enable-offload-targets=nvptx-none=/build/gcc-11-XeT9lY/gcc-11-11.4.0/debian/tmp-nvptx/usr,amdgcn-amdhsa=/build/gcc-11-XeT9lY/gcc-11-11.4.0/debian/tmp-gcn/usr --without-cuda-driver --enable-checking=release --build=x86_64-linux-gnu --host=x86_64-linux-gnu --target=x86_64-linux-gnu --with-build-config=bootstrap-lto-lean --enable-link-serialization=2
Thread model: posix
Supported LTO compression algorithms: zlib zstd
gcc version 11.4.0 (Ubuntu 11.4.0-1ubuntu1~22.04) 
... rest of stderr output deleted ...
configure:13808: $? = 0
configure:13797: gcc -V >&5
gcc: error: unrecognized command-line option '-V'
gcc: fatal error: no input files
compilation terminated.
configure:13808: $? = 1
configure:13797: gcc -qversion >&5
gcc: error: unrecognized command-line option '-qversion'; did you mean '--version'?
gcc: fatal error: no input files
compilation terminated.
configure:13808: $? = 1
configure:13797: gcc -version >&5
gcc: error: unrecognized command-line option '-version'
gcc: fatal error: no input files
compilation terminated.
configure:13808: $? = 1
configure:13812: checking whether the compiler supports GNU C
configure:13842: result: yes
configure:13853: checking whether gcc accepts -g
configure:13874: gcc -c -g -O2  conftest.c >&5
configure:13874: $? = 0
configure:13918: result: yes
configure:13938: checking for gcc option to enable C11 features
configure:13971: result: none needed
configure:14087: checking whether gcc understands -c and -o together
configure:14125: result: yes
configure:14144: checking dependency style of gcc
configure:14256: result: gcc3
configure:14276: checking how to run the C preprocessor
configure:14302: gcc -E  conftest.c
configure:14302: $? = 0
configure:14317: gcc -E  conftest.c
conftest.c:23:10: fatal error: ac_nonexistent.h: No such file or directory
   23 | #include <ac_nonexistent.h>
      |          ^~~~~~~~~~~~~~~~~~
compilation terminated.
configure:14317: $? = 1
configure: failed program was:
| /* confdefs.h */
| #define PACKAGE_NAME "libsecp256k1"
| #define PACKAGE_TARNAME "libsecp256k1"
| #define PACKAGE_VERSION "0.1"
| #define PACKAGE_STRING "libsecp256k1 0.1"
| #define PACKAGE_BUGREPORT ""
| #define PACKAGE_URL ""
| #define PACKAGE "libsecp256k1"
| #define VERSION "0.1"
| #define HAVE_STDIO_H 1
| #define HAVE_STDLIB_H 1
| #define HAVE_STRING_H 1
| #define HAVE_INTTYPES_H 1
| #define HAVE_STDINT_H 1
| #define HAVE_STRINGS_H 1
| #define HAVE_SYS_STAT_H 1
| #define HAVE_SYS_TYPES_H 1
| #define HAVE_UNISTD_H 1
| #define STDC_HEADERS 1
| #define HAVE_DLFCN_H 1
| #define LT_OBJDIR ".libs/"
| /* end confdefs.h.  */
| #include <ac_nonexistent.h>
configure:14344: result: gcc -E
configure:14358: gcc -E  conftest.c
configure:14358: $? = 0
configure:14373: gcc -E  conftest.c
conftest.c:23:10: fatal error: ac_nonexistent.h: No such file or directory
   23 | #include <ac_nonexistent.h>
      |          ^~~~~~~~~~~~~~~~~~
compilation terminated.
configure:14373: $? = 1
configure: failed program was:
| /* confdefs.h */
| #define PACKAGE_NAME "libsecp256k1"
| #define PACKAGE_TARNAME "libsecp256k1"
| #define PACKAGE_VERSION "0.1"
| #define PACKAGE_STRING "libsecp256k1 0.1"
| #define PACKAGE_BUGREPORT ""
| #define PACKAGE_URL ""
| #define PACKAGE "libsecp256k1"
| #define VERSION "0.1"
| #define HAVE_STDIO_H 1
| #define HAVE_STDLIB_H 1
| #define HAVE_STRING_H 1
| #define HAVE_INTTYPES_H 1
| #define HAVE_STDINT_H 1
| #define HAVE_STRINGS_H 1
| #define HAVE_SYS_STAT_H 1
| #define HAVE_SYS_TYPES_H 1
| #define HAVE_UNISTD_H 1
| #define STDC_HEADERS 1
| #define HAVE_DLFCN_H 1
| #define LT_OBJDIR ".libs/"
| /* end confdefs.h.  */
| #include <ac_nonexistent.h>
configure:14432: checking dependency style of gcc
configure:14542: result: gcc3
configure:14678: checking if gcc supports -std=c99 -pedantic -Wall -Wextra -Wcast-align -Wnested-externs -Wshadow -Wstrict-prototypes -Wno-unused-function -Wno-long-long -Wno-overlength-strings  --stack,4194304
configure:14684: gcc -c -g -O2 -W -std=c99 -pedantic -Wall -Wextra -Wcast-align -Wnested-externs -Wshadow -Wstrict-prototypes -Wno-unused-function -Wno-long-long -Wno-overlength-strings  --stack,4194304  conftest.c >&5
gcc: error: unrecognized command-line option '--stack,4194304'
configure:14684: $? = 1
configure: failed program was:
| /* confdefs.h */
| #define PACKAGE_NAME "libsecp256k1"
| #define PACKAGE_TARNAME "libsecp256k1"
| #define PACKAGE_VERSION "0.1"
| #define PACKAGE_STRING "libsecp256k1 0.1"
| #define PACKAGE_BUGREPORT ""
| #define PACKAGE_URL ""
| #define PACKAGE "libsecp256k1"
| #define VERSION "0.1"
| #define HAVE_STDIO_H 1
| #define HAVE_STDLIB_H 1
| #define HAVE_STRING_H 1
| #define HAVE_INTTYPES_H 1
| #define HAVE_STDINT_H 1
| #define HAVE_STRINGS_H 1
| #define HAVE_SYS_STAT_H 1
| #define HAVE_SYS_TYPES_H 1
| #define HAVE_UNISTD_H 1
| #define STDC_HEADERS 1
| #define HAVE_DLFCN_H 1
| #define LT_OBJDIR ".libs/"
| /* end confdefs.h.  */
| char foo;
configure:14689: result: no
configure:14698: checking if gcc supports -fvisibility=hidden
configure:14704: gcc -c -g -O2 -W -fvisibility=hidden  conftest.c >&5
configure:14704: $? = 0
configure:14706: result: yes
configure:14927: checking for __int128
configure:14927: gcc -c -g -O2 -W -fvisibility=hidden  conftest.c >&5
configure:14927: $? = 0
configure:14927: gcc -c -g -O2 -W -fvisibility=hidden  conftest.c >&5
conftest.c: In function 'main':
conftest.c:54:23: error: expected expression before ')' token
   54 | if (sizeof ((__int128)))
      |                       ^
configure:14927: $? = 1
configure: failed program was:
| /* confdefs.h */
| #define PACKAGE_NAME "libsecp256k1"
| #define PACKAGE_TARNAME "libsecp256k1"
| #define PACKAGE_VERSION "0.1"
| #define PACKAGE_STRING "libsecp256k1 0.1"
| #define PACKAGE_BUGREPORT ""
| #define PACKAGE_URL ""
| #define PACKAGE "libsecp256k1"
| #define VERSION "0.1"
| #define HAVE_STDIO_H 1
| #define HAVE_STDLIB_H 1
| #define HAVE_STRING_H 1
| #define HAVE_INTTYPES_H 1
| #define HAVE_STDINT_H 1
| #define HAVE_STRINGS_H 1
| #define HAVE_SYS_STAT_H 1
| #define HAVE_SYS_TYPES_H 1
| #define HAVE_UNISTD_H 1
| #define STDC_HEADERS 1
| #define HAVE_DLFCN_H 1
| #define LT_OBJDIR ".libs/"
| /* end confdefs.h.  */
| #include <stddef.h>
| #ifdef HAVE_STDIO_H
| # include <stdio.h>
| #endif
| #ifdef HAVE_STDLIB_H
| # include <stdlib.h>
| #endif
| #ifdef HAVE_STRING_H
| # include <string.h>
| #endif
| #ifdef HAVE_INTTYPES_H
| # include <inttypes.h>
| #endif
| #ifdef HAVE_STDINT_H
| # include <stdint.h>
| #endif
| #ifdef HAVE_STRINGS_H
| # include <strings.h>
| #endif
| #ifdef HAVE_SYS_TYPES_H
| # include <sys/types.h>
| #endif
| #ifdef HAVE_SYS_STAT_H
| # include <sys/stat.h>
| #endif
| #ifdef HAVE_UNISTD_H
| # include <unistd.h>
| #endif
| int
| main (void)
| {
| if (sizeof ((__int128)))
| 	    return 0;
|   ;
|   return 0;
| }
configure:14927: result: yes
configure:14937: checking for __builtin_expect
configure:14943: gcc -c -g -O2 -W -fvisibility=hidden  conftest.c >&5
configure:14943: $? = 0
configure:14945: result: yes
configure:14966: checking for __builtin_popcount
configure:14972: gcc -c -g -O2 -W -fvisibility=hidden -O3  conftest.c >&5
configure:14972: $? = 0
configure:14974: result: yes
configure:14985: checking for __builtin_popcountl
configure:14991: gcc -c -g -O2 -W -fvisibility=hidden -O3  conftest.c >&5
configure:14991: $? = 0
configure:14993: result: yes
configure:15004: checking for __builtin_ctzl
configure:15010: gcc -c -g -O2 -W -fvisibility=hidden -O3  conftest.c >&5
configure:15010: $? = 0
configure:15012: result: yes
configure:15029: checking native compiler: gcc
configure:15045: gcc -o conftest -g -O2 -W -fvisibility=hidden -O3   conftest.c  >&5
configure:15045: $? = 0
configure:15045: ./conftest
configure:15045: $? = 0
configure:15067: result: ok
configure:15075: checking for  __builtin_clzll
configure:15081: gcc -c -g -O2 -W -fvisibility=hidden -O3  conftest.c >&5
configure:15081: $? = 0
configure:15083: result: yes
configure:15096: checking for x86_64 assembly availability
configure:15113: gcc -c -g -O2 -W -fvisibility=hidden -O3  conftest.c >&5
conftest.c: In function 'main':
conftest.c:36:3: warning: 'tmp' is used uninitialized [-Wuninitialized]
   36 |   __asm__ __volatile__("movq $0x100000000,%1; mulq %%rsi" : "+a"(a) : "S"(tmp) : "cc", "%rdx");
      |   ^~~~~~~
configure:15113: $? = 0
configure:15120: result: yes
configure:15247: checking for gmp.h
configure:15247: gcc -c -g -O2 -W -fvisibility=hidden -O3   conftest.c >&5
configure:15247: $? = 0
configure:15247: result: yes
configure:15250: checking for __gmpz_init in -lgmp
configure:15273: gcc -o conftest -g -O2 -W -fvisibility=hidden -O3    conftest.c -lgmp    >&5
configure:15273: $? = 0
configure:15283: result: yes
configure:15469: checking for libcrypto
configure:15476: $PKG_CONFIG --exists --print-errors "libcrypto"
configure:15479: $? = 0
configure:15493: $PKG_CONFIG --exists --print-errors "libcrypto"
configure:15496: $? = 0
configure:15534: result: yes
configure:15541: checking for main in -lcrypto
configure:15561: gcc -o conftest -g -O2 -W -fvisibility=hidden -O3   conftest.c -lcrypto   -lcrypto >&5
configure:15561: $? = 0
configure:15571: result: yes
configure:15639: checking for EC functions in libcrypto
configure:15663: gcc -c -g -O2 -W -fvisibility=hidden -O3  conftest.c >&5
conftest.c: In function 'main':
conftest.c:46:5: warning: 'EC_KEY_new_by_curve_name' is deprecated: Since OpenSSL 3.0 [-Wdeprecated-declarations]
   46 |     EC_KEY *eckey = EC_KEY_new_by_curve_name(NID_secp256k1);
      |     ^~~~~~
In file included from conftest.c:39:
/usr/include/openssl/ec.h:998:31: note: declared here
  998 | OSSL_DEPRECATEDIN_3_0 EC_KEY *EC_KEY_new_by_curve_name(int nid);
      |                               ^~~~~~~~~~~~~~~~~~~~~~~~
conftest.c:47:5: warning: 'ECDSA_sign' is deprecated: Since OpenSSL 3.0 [-Wdeprecated-declarations]
   47 |     ECDSA_sign(0, NULL, 0, NULL, NULL, eckey);
      |     ^~~~~~~~~~
In file included from conftest.c:39:
/usr/include/openssl/ec.h:1414:27: note: declared here
 1414 | OSSL_DEPRECATEDIN_3_0 int ECDSA_sign(int type, const unsigned char *dgst,
      |                           ^~~~~~~~~~
conftest.c:48:5: warning: 'ECDSA_verify' is deprecated: Since OpenSSL 3.0 [-Wdeprecated-declarations]
   48 |     ECDSA_verify(0, NULL, 0, NULL, 0, eckey);
      |     ^~~~~~~~~~~~
In file included from conftest.c:39:
/usr/include/openssl/ec.h:1447:27: note: declared here
 1447 | OSSL_DEPRECATEDIN_3_0 int ECDSA_verify(int type, const unsigned char *dgst,
      |                           ^~~~~~~~~~~~
conftest.c:49:5: warning: 'EC_KEY_free' is deprecated: Since OpenSSL 3.0 [-Wdeprecated-declarations]
   49 |     EC_KEY_free(eckey);
      |     ^~~~~~~~~~~
In file included from conftest.c:39:
/usr/include/openssl/ec.h:1003:28: note: declared here
 1003 | OSSL_DEPRECATEDIN_3_0 void EC_KEY_free(EC_KEY *key);
      |                            ^~~~~~~~~~~
configure:15663: $? = 0
configure:15670: result: yes
configure:15945: checking whether byte ordering is bigendian
configure:15961: gcc -c -g -O2 -W -fvisibility=hidden -O3  conftest.c >&5
conftest.c:40:16: error: unknown type name 'not'
   40 |                not a universal capable compiler
      |                ^~~
conftest.c:40:22: error: expected '=', ',', ';', 'asm' or '__attribute__' before 'universal'
   40 |                not a universal capable compiler
      |                      ^~~~~~~~~
conftest.c:40:22: error: unknown type name 'universal'
configure:15961: $? = 1
configure: failed program was:
| /* confdefs.h */
| #define PACKAGE_NAME "libsecp256k1"
| #define PACKAGE_TARNAME "libsecp256k1"
| #define PACKAGE_VERSION "0.1"
| #define PACKAGE_STRING "libsecp256k1 0.1"
| #define PACKAGE_BUGREPORT ""
| #define PACKAGE_URL ""
| #define PACKAGE "libsecp256k1"
| #define VERSION "0.1"
| #define HAVE_STDIO_H 1
| #define HAVE_STDLIB_H 1
| #define HAVE_STRING_H 1
| #define HAVE_INTTYPES_H 1
| #define HAVE_STDINT_H 1
| #define HAVE_STRINGS_H 1
| #define HAVE_SYS_STAT_H 1
| #define HAVE_SYS_TYPES_H 1
| #define HAVE_UNISTD_H 1
| #define STDC_HEADERS 1
| #define HAVE_DLFCN_H 1
| #define LT_OBJDIR ".libs/"
| #define HAVE___INT128 1
| #define HAVE_BUILTIN_EXPECT 1
| #define HAVE_BUILTIN_POPCOUNT 1
| #define HAVE_BUILTIN_POPCOUNTL 1
| #define HAVE_BUILTIN_CTZL 1
| #define HAVE_BUILTIN_CLZLL 1
| #define HAVE_LIBGMP 1
| #define USE_ASM_X86_64 1
| #define USE_FIELD_5X52 1
| #define HAVE_LIBGMP 1
| #define USE_NUM_GMP 1
| #define USE_FIELD_INV_NUM 1
| #define USE_SCALAR_INV_NUM 1
| #define USE_SCALAR_4X64 1
| #define HAVE_LIBCRYPTO 1
| #define USE_ECMULT_STATIC_PRECOMPUTATION 1
| /* end confdefs.h.  */
| #ifndef __APPLE_CC__
| 	       not a universal capable compiler
| 	     #endif
| 	     typedef int dummy;
| 
configure:16007: gcc -c -g -O2 -W -fvisibility=hidden -O3  conftest.c >&5
configure:16007: $? = 0
configure:16026: gcc -c -g -O2 -W -fvisibility=hidden -O3  conftest.c >&5
conftest.c: In function 'main':
conftest.c:46:18: error: unknown type name 'not'; did you mean 'ino_t'?
   46 |                  not big endian
      |                  ^~~
      |                  ino_t
conftest.c:46:26: error: expected '=', ',', ';', 'asm' or '__attribute__' before 'endian'
   46 |                  not big endian
      |                          ^~~~~~
configure:16026: $? = 1
configure: failed program was:
| /* confdefs.h */
| #define PACKAGE_NAME "libsecp256k1"
| #define PACKAGE_TARNAME "libsecp256k1"
| #define PACKAGE_VERSION "0.1"
| #define PACKAGE_STRING "libsecp256k1 0.1"
| #define PACKAGE_BUGREPORT ""
| #define PACKAGE_URL ""
| #define PACKAGE "libsecp256k1"
| #define VERSION "0.1"
| #define HAVE_STDIO_H 1
| #define HAVE_STDLIB_H 1
| #define HAVE_STRING_H 1
| #define HAVE_INTTYPES_H 1
| #define HAVE_STDINT_H 1
| #define HAVE_STRINGS_H 1
| #define HAVE_SYS_STAT_H 1
| #define HAVE_SYS_TYPES_H 1
| #define HAVE_UNISTD_H 1
| #define STDC_HEADERS 1
| #define HAVE_DLFCN_H 1
| #define LT_OBJDIR ".libs/"
| #define HAVE___INT128 1
| #define HAVE_BUILTIN_EXPECT 1
| #define HAVE_BUILTIN_POPCOUNT 1
| #define HAVE_BUILTIN_POPCOUNTL 1
| #define HAVE_BUILTIN_CTZL 1
| #define HAVE_BUILTIN_CLZLL 1
| #define HAVE_LIBGMP 1
| #define USE_ASM_X86_64 1
| #define USE_FIELD_5X52 1
| #define HAVE_LIBGMP 1
| #define USE_NUM_GMP 1
| #define USE_FIELD_INV_NUM 1
| #define USE_SCALAR_INV_NUM 1
| #define USE_SCALAR_4X64 1
| #define HAVE_LIBCRYPTO 1
| #define USE_ECMULT_STATIC_PRECOMPUTATION 1
| /* end confdefs.h.  */
| #include <sys/types.h>
| 		#include <sys/param.h>
| 
| int
| main (void)
| {
| #if BYTE_ORDER != BIG_ENDIAN
| 		 not big endian
| 		#endif
| 
|   ;
|   return 0;
| }
configure:16160: result: no
configure:16185: Using static precomputation: yes
configure:16187: Using assembly optimizations: x86_64
configure:16189: Using field implementation: 64bit
configure:16191: Using bignum implementation: gmp
configure:16193: Using scalar implementation: 64bit
configure:16195: Using endomorphism optimizations: no
configure:16197: Building benchmarks: yes
configure:16199: Building for coverage analysis: no
configure:16201: Building ECDH module: no
configure:16203: Building ECDSA pubkey recovery module: no
configure:16205: Using jni: no
configure:16564: checking that generated files are newer than configure
configure:16570: result: done
configure:16674: creating ./config.status

## ---------------- ##
## Cache variables. ##
## ---------------- ##

ac_cv_build=x86_64-pc-linux-gnu
ac_cv_build_prog_CPP='gcc -E'
ac_cv_build_prog_cc_g=yes
ac_cv_c_bigendian=no
ac_cv_c_compiler_gnu=yes
ac_cv_env_CCASFLAGS_set=
ac_cv_env_CCASFLAGS_value=
ac_cv_env_CCAS_set=
ac_cv_env_CCAS_value=
ac_cv_env_CC_set=
ac_cv_env_CC_value=
ac_cv_env_CFLAGS_set=
ac_cv_env_CFLAGS_value=
ac_cv_env_CPPFLAGS_set=
ac_cv_env_CPPFLAGS_value=
ac_cv_env_CPP_set=
ac_cv_env_CPP_value=
ac_cv_env_CRYPTO_CFLAGS_set=
ac_cv_env_CRYPTO_CFLAGS_value=
ac_cv_env_CRYPTO_LIBS_set=
ac_cv_env_CRYPTO_LIBS_value=
ac_cv_env_LDFLAGS_set=
ac_cv_env_LDFLAGS_value=
ac_cv_env_LIBS_set=
ac_cv_env_LIBS_value=
ac_cv_env_LT_SYS_LIBRARY_PATH_set=
ac_cv_env_LT_SYS_LIBRARY_PATH_value=
ac_cv_env_PKG_CONFIG_LIBDIR_set=
ac_cv_env_PKG_CONFIG_LIBDIR_value=
ac_cv_env_PKG_CONFIG_PATH_set=
ac_cv_env_PKG_CONFIG_PATH_value=
ac_cv_env_PKG_CONFIG_set=
ac_cv_env_PKG_CONFIG_value=
ac_cv_env_build_alias_set=
ac_cv_env_build_alias_value=
ac_cv_env_host_alias_set=
ac_cv_env_host_alias_value=
ac_cv_env_target_alias_set=
ac_cv_env_target_alias_value=
ac_cv_header_dlfcn_h=yes
ac_cv_header_gmp_h=yes
ac_cv_header_inttypes_h=yes
ac_cv_header_stdint_h=yes
ac_cv_header_stdio_h=yes
ac_cv_header_stdlib_h=yes
ac_cv_header_string_h=yes
ac_cv_header_strings_h=yes
ac_cv_header_sys_stat_h=yes
ac_cv_header_sys_types_h=yes
ac_cv_header_unistd_h=yes
ac_cv_host=x86_64-pc-linux-gnu
ac_cv_lib_crypto_main=yes
ac_cv_lib_gmp___gmpz_init=yes
ac_cv_objext=o
ac_cv_path_EGREP='/usr/bin/grep -E'
ac_cv_path_FGREP='/usr/bin/grep -F'
ac_cv_path_GREP=/usr/bin/grep
ac_cv_path_SED=/usr/bin/sed
ac_cv_path_ac_pt_AR=/usr/bin/ar
ac_cv_path_ac_pt_PKG_CONFIG=/usr/bin/pkg-config
ac_cv_path_ac_pt_RANLIB=/usr/bin/ranlib
ac_cv_path_ac_pt_STRIP=/usr/bin/strip
ac_cv_path_install='/usr/bin/install -c'
ac_cv_path_lt_DD=/usr/bin/dd
ac_cv_path_mkdir=/usr/bin/mkdir
ac_cv_prog_AWK=mawk
ac_cv_prog_CPP='gcc -E'
ac_cv_prog_ac_ct_AR=ar
ac_cv_prog_ac_ct_CC=gcc
ac_cv_prog_ac_ct_CC_FOR_BUILD=gcc
ac_cv_prog_ac_ct_MANIFEST_TOOL=mt
ac_cv_prog_ac_ct_OBJDUMP=objdump
ac_cv_prog_ac_ct_RANLIB=ranlib
ac_cv_prog_ac_ct_STRIP=strip
ac_cv_prog_cc_c11=
ac_cv_prog_cc_g=yes
ac_cv_prog_cc_stdc=
ac_cv_prog_make_make_set=yes
ac_cv_type___int128=yes
am_cv_CCAS_dependencies_compiler_type=gcc3
am_cv_CC_dependencies_compiler_type=gcc3
am_cv_make_support_nested_variables=yes
am_cv_prog_cc_c_o=yes
lt_cv_ar_at_file=@
lt_cv_archive_cmds_need_lc=no
lt_cv_deplibs_check_method=pass_all
lt_cv_file_magic_cmd='$MAGIC_CMD'
lt_cv_file_magic_test_file=
lt_cv_ld_reload_flag=-r
lt_cv_nm_interface='BSD nm'
lt_cv_objdir=.libs
lt_cv_path_LD=/usr/bin/ld
lt_cv_path_NM='/usr/bin/nm -B'
lt_cv_path_mainfest_tool=no
lt_cv_prog_compiler_c_o=yes
lt_cv_prog_compiler_pic='-fPIC -DPIC'
lt_cv_prog_compiler_pic_works=yes
lt_cv_prog_compiler_rtti_exceptions=no
lt_cv_prog_compiler_static_works=yes
lt_cv_prog_gnu_ld=yes
lt_cv_sharedlib_from_linklib_cmd='printf %s\n'
lt_cv_shlibpath_overrides_runpath=yes
lt_cv_sys_global_symbol_pipe='sed -n -e '\''s/^.*[	 ]\([ABCDGIRSTW][ABCDGIRSTW]*\)[	 ][	 ]*\([_A-Za-z][_A-Za-z0-9]*\)$/\1 \2 \2/p'\'' | sed '\''/ __gnu_lto/d'\'''
lt_cv_sys_global_symbol_to_c_name_address='sed -n -e '\''s/^: \(.*\) .*$/  {"\1", (void *) 0},/p'\'' -e '\''s/^[ABCDGIRSTW][ABCDGIRSTW]* .* \(.*\)$/  {"\1", (void *) \&\1},/p'\'''
lt_cv_sys_global_symbol_to_c_name_address_lib_prefix='sed -n -e '\''s/^: \(.*\) .*$/  {"\1", (void *) 0},/p'\'' -e '\''s/^[ABCDGIRSTW][ABCDGIRSTW]* .* \(lib.*\)$/  {"\1", (void *) \&\1},/p'\'' -e '\''s/^[ABCDGIRSTW][ABCDGIRSTW]* .* \(.*\)$/  {"lib\1", (void *) \&\1},/p'\'''
lt_cv_sys_global_symbol_to_cdecl='sed -n -e '\''s/^T .* \(.*\)$/extern int \1();/p'\'' -e '\''s/^[ABCDGIRSTW][ABCDGIRSTW]* .* \(.*\)$/extern char \1;/p'\'''
lt_cv_sys_global_symbol_to_import=
lt_cv_sys_max_cmd_len=1572864
lt_cv_to_host_file_cmd=func_convert_file_noop
lt_cv_to_tool_file_cmd=func_convert_file_noop
lt_cv_truncate_bin='/usr/bin/dd bs=4096 count=1'
pkg_cv_CRYPTO_CFLAGS=
pkg_cv_CRYPTO_LIBS=-lcrypto

## ----------------- ##
## Output variables. ##
## ----------------- ##

ACLOCAL='${SHELL} '\''/home/jayamine/CLionProjects/secp256k-nopeni/build-aux/missing'\'' aclocal-1.16'
AMDEPBACKSLASH='\'
AMDEP_FALSE='#'
AMDEP_TRUE=''
AMTAR='$${TAR-tar}'
AM_BACKSLASH='\'
AM_DEFAULT_V='$(AM_DEFAULT_VERBOSITY)'
AM_DEFAULT_VERBOSITY='0'
AM_V='$(V)'
AR='/usr/bin/ar'
AUTOCONF='${SHELL} '\''/home/jayamine/CLionProjects/secp256k-nopeni/build-aux/missing'\'' autoconf'
AUTOHEADER='${SHELL} '\''/home/jayamine/CLionProjects/secp256k-nopeni/build-aux/missing'\'' autoheader'
AUTOMAKE='${SHELL} '\''/home/jayamine/CLionProjects/secp256k-nopeni/build-aux/missing'\'' automake-1.16'
AWK='mawk'
BREW=''
BUILD_EXEEXT=''
BUILD_OBJEXT=''
CC='gcc'
CCAS='gcc'
CCASDEPMODE='depmode=gcc3'
CCASFLAGS='-g -O2'
CCDEPMODE='depmode=gcc3'
CC_FOR_BUILD='gcc'
CFLAGS='-g -O2 -W -fvisibility=hidden -O3'
CFLAGS_FOR_BUILD='-g -O2'
CPP='gcc -E'
CPPFLAGS=''
CPPFLAGS_FOR_BUILD=''
CPP_FOR_BUILD='gcc -E'
CRYPTO_CFLAGS=''
CRYPTO_LIBS='-lcrypto'
CSCOPE='cscope'
CTAGS='ctags'
CYGPATH_W='echo'
DEFS='-DHAVE_CONFIG_H'
DEPDIR='.deps'
DLLTOOL='false'
DSYMUTIL=''
DUMPBIN=''
ECHO_C=''
ECHO_N='-n'
ECHO_T=''
EGREP='/usr/bin/grep -E'
ENABLE_COVERAGE_FALSE=''
ENABLE_COVERAGE_TRUE='#'
ENABLE_MODULE_AGGSIG_FALSE=''
ENABLE_MODULE_AGGSIG_TRUE='#'
ENABLE_MODULE_BULLETPROOF_FALSE=''
ENABLE_MODULE_BULLETPROOF_TRUE='#'
ENABLE_MODULE_COMMITMENT_FALSE=''
ENABLE_MODULE_COMMITMENT_TRUE='#'
ENABLE_MODULE_ECDH_FALSE=''
ENABLE_MODULE_ECDH_TRUE='#'
ENABLE_MODULE_GENERATOR_FALSE=''
ENABLE_MODULE_GENERATOR_TRUE='#'
ENABLE_MODULE_RANGEPROOF_FALSE=''
ENABLE_MODULE_RANGEPROOF_TRUE='#'
ENABLE_MODULE_RECOVERY_FALSE=''
ENABLE_MODULE_RECOVERY_TRUE='#'
ENABLE_MODULE_SCHNORRSIG_FALSE=''
ENABLE_MODULE_SCHNORRSIG_TRUE='#'
ENABLE_MODULE_SURJECTIONPROOF_FALSE=''
ENABLE_MODULE_SURJECTIONPROOF_TRUE='#'
ENABLE_MODULE_WHITELIST_FALSE=''
ENABLE_MODULE_WHITELIST_TRUE='#'
ETAGS='etags'
EXEEXT=''
FGREP='/usr/bin/grep -F'
GREP='/usr/bin/grep'
INSTALL_DATA='${INSTALL} -m 644'
INSTALL_PROGRAM='${INSTALL}'
INSTALL_SCRIPT='${INSTALL}'
INSTALL_STRIP_PROGRAM='$(install_sh) -c -s'
JNI_INCLUDES=''
LD='/usr/bin/ld -m elf_x86_64'
LDFLAGS=''
LDFLAGS_FOR_BUILD=''
LIBOBJS=''
LIBS=''
LIBTOOL='$(SHELL) $(top_builddir)/libtool'
LIPO=''
LN_S='ln -s'
LTLIBOBJS=''
LT_SYS_LIBRARY_PATH=''
MAKEINFO='${SHELL} '\''/home/jayamine/CLionProjects/secp256k-nopeni/build-aux/missing'\'' makeinfo'
MANIFEST_TOOL=':'
MKDIR_P='/usr/bin/mkdir -p'
NM='/usr/bin/nm -B'
NMEDIT=''
OBJDUMP='objdump'
OBJEXT='o'
OTOOL64=''
OTOOL=''
PACKAGE='libsecp256k1'
PACKAGE_BUGREPORT=''
PACKAGE_NAME='libsecp256k1'
PACKAGE_STRING='libsecp256k1 0.1'
PACKAGE_TARNAME='libsecp256k1'
PACKAGE_URL=''
PACKAGE_VERSION='0.1'
PATH_SEPARATOR=':'
PKG_CONFIG='/usr/bin/pkg-config'
PKG_CONFIG_LIBDIR=''
PKG_CONFIG_PATH=''
PORT=''
RANLIB='/usr/bin/ranlib'
SECP_INCLUDES=' '
SECP_LIBS='  -lgmp'
SECP_TEST_INCLUDES=''
SECP_TEST_LIBS=''
SED='/usr/bin/sed'
SET_MAKE=''
SHELL='/bin/bash'
STRIP='/usr/bin/strip'
USE_ASM_ARM_FALSE=''
USE_ASM_ARM_TRUE='#'
USE_BENCHMARK_FALSE='#'
USE_BENCHMARK_TRUE=''
USE_ECMULT_STATIC_PRECOMPUTATION_FALSE='#'
USE_ECMULT_STATIC_PRECOMPUTATION_TRUE=''
USE_EXHAUSTIVE_TESTS_FALSE='#'
USE_EXHAUSTIVE_TESTS_TRUE=''
USE_EXTERNAL_ASM_FALSE=''
USE_EXTERNAL_ASM_TRUE='#'
USE_JNI_FALSE=''
USE_JNI_TRUE='#'
USE_TESTS_FALSE='#'
USE_TESTS_TRUE=''
VERSION='0.1'
_ACJNI_JAVAC=''
ac_ct_AR='ar'
ac_ct_CC='gcc'
ac_ct_CC_FOR_BUILD='gcc'
ac_ct_DUMPBIN=''
am__EXEEXT_FALSE=''
am__EXEEXT_TRUE='#'
am__fastdepCCAS_FALSE='#'
am__fastdepCCAS_TRUE=''
am__fastdepCC_FALSE='#'
am__fastdepCC_TRUE=''
am__include='include'
am__isrc=''
am__leading_dot='.'
am__nodep='_no'
am__quote=''
am__tar='$${TAR-tar} chof - "$$tardir"'
am__untar='$${TAR-tar} xf -'
bindir='${exec_prefix}/bin'
build='x86_64-pc-linux-gnu'
build_alias=''
build_cpu='x86_64'
build_os='linux-gnu'
build_vendor='pc'
datadir='${datarootdir}'
datarootdir='${prefix}/share'
docdir='${datarootdir}/doc/${PACKAGE_TARNAME}'
dvidir='${docdir}'
exec_prefix='${prefix}'
host='x86_64-pc-linux-gnu'
host_alias=''
host_cpu='x86_64'
host_os='linux-gnu'
host_vendor='pc'
htmldir='${docdir}'
includedir='${prefix}/include'
infodir='${datarootdir}/info'
install_sh='${SHELL} /home/jayamine/CLionProjects/secp256k-nopeni/build-aux/install-sh'
libdir='${exec_prefix}/lib'
libexecdir='${exec_prefix}/libexec'
localedir='${datarootdir}/locale'
localstatedir='${prefix}/var'
mandir='${datarootdir}/man'
mkdir_p='$(MKDIR_P)'
oldincludedir='/usr/include'
pdfdir='${docdir}'
prefix='/usr/local'
program_transform_name='s,x,x,'
psdir='${docdir}'
runstatedir='${localstatedir}/run'
sbindir='${exec_prefix}/sbin'
sharedstatedir='${prefix}/com'
sysconfdir='${prefix}/etc'
target_alias=''

## ----------- ##
## confdefs.h. ##
## ----------- ##

/* confdefs.h */
#define PACKAGE_NAME "libsecp256k1"
#define PACKAGE_TARNAME "libsecp256k1"
#define PACKAGE_VERSION "0.1"
#define PACKAGE_STRING "libsecp256k1 0.1"
#define PACKAGE_BUGREPORT ""
#define PACKAGE_URL ""
#define PACKAGE "libsecp256k1"
#define VERSION "0.1"
#define HAVE_STDIO_H 1
#define HAVE_STDLIB_H 1
#define HAVE_STRING_H 1
#define HAVE_INTTYPES_H 1
#define HAVE_STDINT_H 1
#define HAVE_STRINGS_H 1
#define HAVE_SYS_STAT_H 1
#define HAVE_SYS_TYPES_H 1
#define HAVE_UNISTD_H 1
#define STDC_HEADERS 1
#define HAVE_DLFCN_H 1
#define LT_OBJDIR ".libs/"
#define HAVE___INT128 1
#define HAVE_BUILTIN_EXPECT 1
#define HAVE_BUILTIN_POPCOUNT 1
#define HAVE_BUILTIN_POPCOUNTL 1
#define HAVE_BUILTIN_CTZL 1
#define HAVE_BUILTIN_CLZLL 1
#define HAVE_LIBGMP 1
#define USE_ASM_X86_64 1
#define USE_FIELD_5X52 1
#define HAVE_LIBGMP 1
#define USE_NUM_GMP 1
#define USE_FIELD_INV_NUM 1
#define USE_SCALAR_INV_NUM 1
#define USE_SCALAR_4X64 1
#define HAVE_LIBCRYPTO 1
#define USE_ECMULT_STATIC_PRECOMPUTATION 1
#define ENABLE_MODULE_ECDH 1
#define ENABLE_MODULE_GENERATOR 1
#define ENABLE_MODULE_RANGEPROOF 1
#define ENABLE_MODULE_BULLETPROOF 1

configure: exit 0

## ---------------------- ##
## Running config.status. ##
## ---------------------- ##

This file was extended by libsecp256k1 config.status 0.1, which was
generated by GNU Autoconf 2.71.  Invocation command line was

  CONFIG_FILES    = 
  CONFIG_HEADERS  = 
  CONFIG_LINKS    = 
  CONFIG_COMMANDS = 
  $ ./config.status 

on jayamine-ThinkPad-X1-Carbon-Gen-10

config.status:1163: creating Makefile
config.status:1163: creating libsecp256k1.pc
config.status:1163: creating src/libsecp256k1-config.h
config.status:1344: src/libsecp256k1-config.h is unchanged
config.status:1392: executing depfiles commands
config.status:1469: cd .       && sed -e '/# am--include-marker/d' Makefile         | make -f - am--depfiles
make[1]: Entering directory '/home/jayamine/CLionProjects/secp256k-nopeni'
make[1]: Nothing to be done for 'am--depfiles'.
make[1]: Leaving directory '/home/jayamine/CLionProjects/secp256k-nopeni'
config.status:1474: $? = 0
config.status:1392: executing libtool commands

## ---------------------- ##
## Running config.status. ##
## ---------------------- ##

This file was extended by libsecp256k1 config.status 0.1, which was
generated by GNU Autoconf 2.71.  Invocation command line was

  CONFIG_FILES    = 
  CONFIG_HEADERS  = 
  CONFIG_LINKS    = 
  CONFIG_COMMANDS = 
  $ ./config.status Makefile depfiles

on jayamine-ThinkPad-X1-Carbon-Gen-10

config.status:1163: creating Makefile
config.status:1392: executing depfiles commands
config.status:1469: cd .       && sed -e '/# am--include-marker/d' Makefile         | make -f - am--depfiles
make[1]: Entering directory '/home/jayamine/CLionProjects/secp256k-nopeni'
make[1]: Nothing to be done for 'am--depfiles'.
make[1]: Leaving directory '/home/jayamine/CLionProjects/secp256k-nopeni'
config.status:1474: $? = 0
